2026-06-16 12:00:19  [32mINFO    [0m  chatbot → Logger initialised — writing to D:\Honey\DecodeLabs\logs\chatbot.log
2026-06-16 12:00:19  [32mINFO    [0m  chatbot.chatbot.bot → Chatbot 'Nexus' initialised.
2026-06-16 12:00:19  DEBUG     chatbot.chatbot.bot → User said: 'hello'
2026-06-16 12:00:19  [32mINFO    [0m  chatbot.chatbot.bot → Intent matched: greeting             | confidence: 1.00 | context: none
2026-06-16 12:00:19  DEBUG     chatbot.chatbot.bot → Context updated to: general
2026-06-16 12:00:19  DEBUG     chatbot.chatbot.bot → Bot replied: 'Hey there! 👋 How can I help you today?'
2026-06-16 12:00:49  [32mINFO    [0m  chatbot :: Logger initialised - writing to D:\Honey\DecodeLabs\logs\chatbot.log
2026-06-16 12:00:49  [32mINFO    [0m  chatbot.chatbot.bot :: Chatbot 'Nexus' initialised.
2026-06-16 12:00:49  DEBUG     chatbot.chatbot.bot :: User said: 'hello'
2026-06-16 12:00:49  [32mINFO    [0m  chatbot.chatbot.bot :: Intent matched: greeting             | confidence: 1.00 | context: none
2026-06-16 12:00:49  DEBUG     chatbot.chatbot.bot :: Context updated to: general
2026-06-16 12:00:49  DEBUG     chatbot.chatbot.bot :: Bot replied: "Hello! Great to see you. What's on your mind?"
2026-06-16 12:00:49  DEBUG     chatbot.chatbot.bot :: User said: 'what is your name'
2026-06-16 12:00:49  [32mINFO    [0m  chatbot.chatbot.bot :: Intent matched: bot_name             | confidence: 1.00 | context: general
2026-06-16 12:00:49  DEBUG     chatbot.chatbot.bot :: Bot replied: 'They call me Nexus. Nice to meet you!'
2026-06-16 12:00:49  DEBUG     chatbot.chatbot.bot :: User said: 'tell me a joke'
2026-06-16 12:00:49  [32mINFO    [0m  chatbot.chatbot.bot :: Intent matched: joke                 | confidence: 1.00 | context: general
2026-06-16 12:00:49  DEBUG     chatbot.chatbot.bot :: Bot replied: 'I asked my dog what 2 minus 2 is. He said nothing. 🐶'
2026-06-16 12:00:49  DEBUG     chatbot.chatbot.bot :: User said: 'what time is it'
2026-06-16 12:00:49  [32mINFO    [0m  chatbot.chatbot.bot :: Intent matched: time                 | confidence: 1.00 | context: general
2026-06-16 12:00:49  DEBUG     chatbot.chatbot.bot :: Bot replied: '🕐 The current time is 12:00 PM.'
2026-06-16 12:00:49  DEBUG     chatbot.chatbot.bot :: User said: 'what is today date'
2026-06-16 12:00:49  [32mINFO    [0m  chatbot.chatbot.bot :: Intent matched: date                 | confidence: 1.00 | context: general
2026-06-16 12:00:49  DEBUG     chatbot.chatbot.bot :: Bot replied: '📅 Today is Tuesday, 16 June 2026.'
2026-06-16 12:00:49  DEBUG     chatbot.chatbot.bot :: User said: 'calculate 25 plus 17'
2026-06-16 12:00:49  [32mINFO    [0m  chatbot.chatbot.bot :: Intent matched: math                 | confidence: 1.00 | context: general
2026-06-16 12:00:49  DEBUG     chatbot.chatbot.bot :: Bot replied: '🧮 25 + 17 = **42**'
2026-06-16 12:00:49  DEBUG     chatbot.chatbot.bot :: User said: 'motivate me'
2026-06-16 12:00:49  [32mINFO    [0m  chatbot.chatbot.bot :: Intent matched: motivation           | confidence: 1.00 | context: general
2026-06-16 12:00:49  DEBUG     chatbot.chatbot.bot :: Bot replied: "⭐ Believe you can and you're halfway there. — Theodore Roosevelt"
2026-06-16 12:00:49  DEBUG     chatbot.chatbot.bot :: User said: 'did you know any fun facts'
2026-06-16 12:00:49  [32mINFO    [0m  chatbot.chatbot.bot :: Intent matched: fun_fact             | confidence: 1.00 | context: general
2026-06-16 12:00:49  DEBUG     chatbot.chatbot.bot :: Bot replied: '🐙 Fact: Octopuses have three hearts and blue blood.'
2026-06-16 12:00:49  DEBUG     chatbot.chatbot.bot :: User said: 'thank you'
2026-06-16 12:00:49  [32mINFO    [0m  chatbot.chatbot.bot :: Intent matched: how_are_you          | confidence: 1.00 | context: general
2026-06-16 12:00:49  DEBUG     chatbot.chatbot.bot :: Bot replied: "I'm always happy when I'm chatting! What's up?"
2026-06-16 12:00:49  DEBUG     chatbot.chatbot.bot :: User said: 'repeat'
2026-06-16 12:00:49  [32mINFO    [0m  chatbot.chatbot.bot :: Intent matched: repeat               | confidence: 1.00 | context: general
2026-06-16 12:00:49  DEBUG     chatbot.chatbot.bot :: Bot replied: "I said: “I'm always happy when I'm chatting! What's up?”"
2026-06-16 12:00:49  DEBUG     chatbot.chatbot.bot :: User said: 'bye'
2026-06-16 12:00:49  [32mINFO    [0m  chatbot.chatbot.bot :: Intent matched: farewell             | confidence: 1.00 | context: general
2026-06-16 12:00:49  DEBUG     chatbot.chatbot.bot :: Context updated to: exit
2026-06-16 12:00:49  DEBUG     chatbot.chatbot.bot :: Bot replied: 'Bye! Come back anytime you need help. ✨'
2026-06-16 12:04:07  [32mINFO    [0m  chatbot :: Logger initialised - writing to D:\Honey\DecodeLabs\logs\chatbot.log
2026-06-16 12:04:07  [32mINFO    [0m  chatbot.chatbot.bot :: Chatbot 'TestNexus' initialised.
2026-06-16 12:04:07  DEBUG     chatbot.chatbot.bot :: User said: 'calculate 15 + 35'
2026-06-16 12:04:07  [32mINFO    [0m  chatbot.chatbot.bot :: Intent matched: math                 | confidence: 1.00 | context: none
2026-06-16 12:04:07  DEBUG     chatbot.chatbot.bot :: Bot replied: '🧮 15 + 35 = **50**'
2026-06-16 12:04:07  DEBUG     chatbot.chatbot.bot :: User said: 'calculate 100 divided by 4'
2026-06-16 12:04:07  [32mINFO    [0m  chatbot.chatbot.bot :: Intent matched: math                 | confidence: 1.00 | context: none
2026-06-16 12:04:07  DEBUG     chatbot.chatbot.bot :: Bot replied: '🧮 100 / 4 = **25.0**'
2026-06-16 12:04:07  DEBUG     chatbot.chatbot.bot :: User said: 'calculate 10 / 0'
2026-06-16 12:04:07  [32mINFO    [0m  chatbot.chatbot.bot :: Intent matched: math                 | confidence: 1.00 | context: none
2026-06-16 12:04:07  DEBUG     chatbot.chatbot.bot :: Bot replied: "⚠️ Division by zero? Even I can't handle that!"
2026-06-16 12:04:07  [32mINFO    [0m  chatbot.chatbot.bot :: Chatbot 'TestNexus' initialised.
2026-06-16 12:04:07  DEBUG     chatbot.chatbot.bot :: User said: 'what is your name'
2026-06-16 12:04:07  [32mINFO    [0m  chatbot.chatbot.bot :: Intent matched: bot_name             | confidence: 1.00 | context: none
2026-06-16 12:04:07  DEBUG     chatbot.chatbot.bot :: Bot replied: 'I go by Nexus. What can I do for you today?'
2026-06-16 12:04:07  [32mINFO    [0m  chatbot.chatbot.bot :: Chatbot 'TestNexus' initialised.
2026-06-16 12:04:07  DEBUG     chatbot.chatbot.bot :: User said: 'tell me a fun fact'
2026-06-16 12:04:07  [32mINFO    [0m  chatbot.chatbot.bot :: Intent matched: fun_fact             | confidence: 1.00 | context: none
2026-06-16 12:04:07  DEBUG     chatbot.chatbot.bot :: Bot replied: '🐙 Fact: Octopuses have three hearts and blue blood.'
2026-06-16 12:04:07  DEBUG     chatbot.chatbot.bot :: User said: 'repeat what you just said'
2026-06-16 12:04:07  [32mINFO    [0m  chatbot.chatbot.bot :: Intent matched: bot_name             | confidence: 1.00 | context: none
2026-06-16 12:04:07  DEBUG     chatbot.chatbot.bot :: Bot replied: 'I go by Nexus. What can I do for you today?'
2026-06-16 12:04:15  [32mINFO    [0m  chatbot :: Logger initialised - writing to D:\Honey\DecodeLabs\logs\chatbot.log
2026-06-16 12:04:33  [32mINFO    [0m  chatbot :: Logger initialised - writing to D:\Honey\DecodeLabs\logs\chatbot.log
2026-06-16 12:04:33  [32mINFO    [0m  chatbot.chatbot.bot :: Chatbot 'TestNexus' initialised.
2026-06-16 12:04:33  DEBUG     chatbot.chatbot.bot :: User said: 'calculate 15 + 35'
2026-06-16 12:04:33  [32mINFO    [0m  chatbot.chatbot.bot :: Intent matched: math                 | confidence: 1.00 | context: none
2026-06-16 12:04:33  DEBUG     chatbot.chatbot.bot :: Bot replied: '🧮 15 + 35 = **50**'
2026-06-16 12:04:33  DEBUG     chatbot.chatbot.bot :: User said: 'calculate 100 divided by 4'
2026-06-16 12:04:33  [32mINFO    [0m  chatbot.chatbot.bot :: Intent matched: math                 | confidence: 1.00 | context: none
2026-06-16 12:04:33  DEBUG     chatbot.chatbot.bot :: Bot replied: '🧮 100 / 4 = **25.0**'
2026-06-16 12:04:33  DEBUG     chatbot.chatbot.bot :: User said: 'calculate 10 / 0'
2026-06-16 12:04:33  [32mINFO    [0m  chatbot.chatbot.bot :: Intent matched: math                 | confidence: 1.00 | context: none
2026-06-16 12:04:33  DEBUG     chatbot.chatbot.bot :: Bot replied: "⚠️ Division by zero? Even I can't handle that!"
2026-06-16 12:04:33  [32mINFO    [0m  chatbot.chatbot.bot :: Chatbot 'TestNexus' initialised.
2026-06-16 12:04:33  DEBUG     chatbot.chatbot.bot :: User said: 'what is your name'
2026-06-16 12:04:33  [32mINFO    [0m  chatbot.chatbot.bot :: Intent matched: bot_name             | confidence: 1.00 | context: none
2026-06-16 12:04:33  DEBUG     chatbot.chatbot.bot :: Bot replied: 'I go by Nexus. What can I do for you today?'
2026-06-16 12:04:33  [32mINFO    [0m  chatbot.chatbot.bot :: Chatbot 'TestNexus' initialised.
2026-06-16 12:04:33  DEBUG     chatbot.chatbot.bot :: User said: 'tell me a fun fact'
2026-06-16 12:04:33  [32mINFO    [0m  chatbot.chatbot.bot :: Intent matched: fun_fact             | confidence: 1.00 | context: none
2026-06-16 12:04:33  DEBUG     chatbot.chatbot.bot :: Bot replied: '🐙 Fact: Octopuses have three hearts and blue blood.'
2026-06-16 12:04:33  DEBUG     chatbot.chatbot.bot :: User said: 'repeat what you just said'
2026-06-16 12:04:33  [32mINFO    [0m  chatbot.chatbot.bot :: Intent matched: repeat               | confidence: 1.00 | context: none
2026-06-16 12:04:33  DEBUG     chatbot.chatbot.bot :: Bot replied: 'I said: “🐙 Fact: Octopuses have three hearts and blue blood.”'
2026-06-16 12:05:21  [32mINFO    [0m  chatbot :: Logger initialised - writing to D:\Honey\DecodeLabs\logs\chatbot.log
2026-06-16 12:05:21  [32mINFO    [0m  chatbot.chatbot.bot :: Chatbot 'Nexus' initialised.
2026-06-16 12:05:21  [32mINFO    [0m  chatbot.main :: Session started.
2026-06-16 12:05:28  DEBUG     chatbot.chatbot.bot :: User said: 'hi'
2026-06-16 12:05:28  [32mINFO    [0m  chatbot.chatbot.bot :: Intent matched: greeting             | confidence: 1.00 | context: none
2026-06-16 12:05:28  DEBUG     chatbot.chatbot.bot :: Context updated to: general
2026-06-16 12:05:28  DEBUG     chatbot.chatbot.bot :: Bot replied: "Hello! Great to see you. What's on your mind?"
2026-06-16 12:05:44  DEBUG     chatbot.chatbot.bot :: User said: 'i am feeling happy'
2026-06-16 12:05:44  [32mINFO    [0m  chatbot.chatbot.bot :: Intent matched: joke                 | confidence: 0.20 | context: general
2026-06-16 12:05:44  DEBUG     chatbot.chatbot.bot :: Bot replied: 'I asked my dog what 2 minus 2 is. He said nothing. 🐶'
2026-06-16 12:06:06  DEBUG     chatbot.chatbot.bot :: User said: 'motivate me'
2026-06-16 12:06:06  [32mINFO    [0m  chatbot.chatbot.bot :: Intent matched: motivation           | confidence: 1.00 | context: general
2026-06-16 12:06:06  DEBUG     chatbot.chatbot.bot :: Bot replied: '💪 The only way to do great work is to love what you do. — Steve Jobs'
2026-06-16 12:06:13  DEBUG     chatbot.chatbot.bot :: User said: 'exit'
2026-06-16 12:06:13  [32mINFO    [0m  chatbot.chatbot.bot :: Intent matched: farewell             | confidence: 1.00 | context: general
2026-06-16 12:06:13  DEBUG     chatbot.chatbot.bot :: Context updated to: exit
2026-06-16 12:06:13  DEBUG     chatbot.chatbot.bot :: Bot replied: 'Goodbye! It was lovely chatting with you. 👋'
2026-06-16 12:06:13  [32mINFO    [0m  chatbot.main :: Exit intent detected. Ending session.
2026-06-16 12:06:13  [32mINFO    [0m  chatbot.main :: Session ended.
2026-06-17 20:32:19  [32mINFO    [0m  chatbot :: Logger initialised - writing to D:\Honey\DecodeLabs\logs\chatbot.log
2026-06-17 20:32:19  [32mINFO    [0m  chatbot.chatbot.bot :: Chatbot 'Nexus' initialised.
2026-06-17 20:32:19  [32mINFO    [0m  chatbot.main :: Session started.
2026-06-17 20:32:26  DEBUG     chatbot.chatbot.bot :: User said: 'hi'
2026-06-17 20:32:26  [32mINFO    [0m  chatbot.chatbot.bot :: Intent matched: greeting             | confidence: 1.00 | context: none
2026-06-17 20:32:26  DEBUG     chatbot.chatbot.bot :: Context updated to: general
2026-06-17 20:32:26  DEBUG     chatbot.chatbot.bot :: Bot replied: 'Hey there! 👋 How can I help you today?'
2026-06-17 20:32:32  DEBUG     chatbot.chatbot.bot :: User said: 'who r u'
2026-06-17 20:32:32  [32mINFO    [0m  chatbot.chatbot.bot :: Intent matched: how_are_you          | confidence: 0.90 | context: general
2026-06-17 20:32:32  DEBUG     chatbot.chatbot.bot :: Bot replied: 'Feeling fantastic! I love talking to people. How are you doing?'
2026-06-17 20:32:41  DEBUG     chatbot.chatbot.bot :: User said: 'im good too'
2026-06-17 20:32:41  [32mINFO    [0m  chatbot.chatbot.bot :: Intent matched: fallback             | confidence: 0.00 | context: general
2026-06-17 20:32:41  DEBUG     chatbot.chatbot.bot :: Bot replied: "Hmm, I'm not sure I understand. Could you rephrase that? 🤔"
2026-06-17 20:32:52  DEBUG     chatbot.chatbot.bot :: User said: 'I am feeling good too'
2026-06-17 20:32:52  [32mINFO    [0m  chatbot.chatbot.bot :: Intent matched: joke                 | confidence: 0.20 | context: general
2026-06-17 20:32:52  DEBUG     chatbot.chatbot.bot :: Bot replied: "Why don't scientists trust atoms? Because they make up everything! 😄"
2026-06-19 20:10:03  [32mINFO    [0m  chatbot :: Logger initialised - writing to D:\Honey\DecodeLabs\logs\chatbot.log
2026-06-19 20:10:03  [32mINFO    [0m  chatbot.chatbot.bot :: Chatbot 'TestNexus' initialised.
2026-06-19 20:10:03  DEBUG     chatbot.chatbot.bot :: User said: 'calculate 15 + 35'
2026-06-19 20:10:03  [32mINFO    [0m  chatbot.chatbot.bot :: Intent matched: math                 | confidence: 1.00 | context: none
2026-06-19 20:10:03  DEBUG     chatbot.chatbot.bot :: Bot replied: '🧮 15 + 35 = **50**'
2026-06-19 20:10:03  DEBUG     chatbot.chatbot.bot :: User said: 'calculate 100 divided by 4'
2026-06-19 20:10:03  [32mINFO    [0m  chatbot.chatbot.bot :: Intent matched: math                 | confidence: 1.00 | context: none
2026-06-19 20:10:03  DEBUG     chatbot.chatbot.bot :: Bot replied: '🧮 100 / 4 = **25.0**'
2026-06-19 20:10:03  DEBUG     chatbot.chatbot.bot :: User said: 'calculate 10 / 0'
2026-06-19 20:10:03  [32mINFO    [0m  chatbot.chatbot.bot :: Intent matched: math                 | confidence: 1.00 | context: none
2026-06-19 20:10:03  DEBUG     chatbot.chatbot.bot :: Bot replied: "⚠️ Division by zero? Even I can't handle that!"
2026-06-19 20:10:03  [32mINFO    [0m  chatbot.chatbot.bot :: Chatbot 'TestNexus' initialised.
2026-06-19 20:10:03  DEBUG     chatbot.chatbot.bot :: User said: 'what is your name'
2026-06-19 20:10:03  [32mINFO    [0m  chatbot.chatbot.bot :: Intent matched: bot_name             | confidence: 1.00 | context: none
2026-06-19 20:10:03  DEBUG     chatbot.chatbot.bot :: Bot replied: 'I go by Nexus. What can I do for you today?'
2026-06-19 20:10:03  [32mINFO    [0m  chatbot.chatbot.bot :: Chatbot 'TestNexus' initialised.
2026-06-19 20:10:03  DEBUG     chatbot.chatbot.bot :: User said: 'tell me a fun fact'
2026-06-19 20:10:03  [32mINFO    [0m  chatbot.chatbot.bot :: Intent matched: fun_fact             | confidence: 1.00 | context: none
2026-06-19 20:10:03  DEBUG     chatbot.chatbot.bot :: Bot replied: '🐙 Fact: Octopuses have three hearts and blue blood.'
2026-06-19 20:10:03  DEBUG     chatbot.chatbot.bot :: User said: 'repeat what you just said'
2026-06-19 20:10:03  [32mINFO    [0m  chatbot.chatbot.bot :: Intent matched: repeat               | confidence: 1.00 | context: none
2026-06-19 20:10:03  DEBUG     chatbot.chatbot.bot :: Bot replied: 'I said: “🐙 Fact: Octopuses have three hearts and blue blood.”'
2026-06-19 20:51:07  [32mINFO    [0m  chatbot :: Logger initialised - writing to D:\Honey\DecodeLabs\logs\chatbot.log
2026-06-19 20:51:07  [32mINFO    [0m  chatbot.chatbot.bot :: Chatbot 'Nexus' initialised.
2026-06-19 20:51:07  [32mINFO    [0m  chatbot.main :: Session started.
2026-06-19 20:51:11  DEBUG     chatbot.chatbot.bot :: User said: 'hello'
2026-06-19 20:51:11  [32mINFO    [0m  chatbot.chatbot.bot :: Intent matched: greeting             | confidence: 1.00 | context: none
2026-06-19 20:51:11  DEBUG     chatbot.chatbot.bot :: Context updated to: general
2026-06-19 20:51:11  DEBUG     chatbot.chatbot.bot :: Bot replied: "Hi! I'm your friendly chatbot. Ask me anything!"
2026-06-19 20:51:19  DEBUG     chatbot.chatbot.bot :: User said: 'what time is it'
2026-06-19 20:51:19  [32mINFO    [0m  chatbot.chatbot.bot :: Intent matched: time                 | confidence: 1.00 | context: general
2026-06-19 20:51:19  DEBUG     chatbot.chatbot.bot :: Bot replied: '🕐 The current time is 08:51 PM.'
2026-06-19 20:52:00  DEBUG     chatbot.chatbot.bot :: User said: 'inspire me'
2026-06-19 20:52:00  [32mINFO    [0m  chatbot.chatbot.bot :: Intent matched: motivation           | confidence: 1.00 | context: general
2026-06-19 20:52:00  DEBUG     chatbot.chatbot.bot :: Bot replied: "⭐ Believe you can and you're halfway there. — Theodore Roosevelt"
2026-06-19 20:52:40  DEBUG     chatbot.chatbot.bot :: User said: 'what date is it'
2026-06-19 20:52:40  [32mINFO    [0m  chatbot.chatbot.bot :: Intent matched: date                 | confidence: 1.00 | context: general
2026-06-19 20:52:40  DEBUG     chatbot.chatbot.bot :: Bot replied: '📅 Today is Friday, 19 June 2026.'
2026-06-19 20:53:50  DEBUG     chatbot.chatbot.bot :: User said: 'exit'
2026-06-19 20:53:50  [32mINFO    [0m  chatbot.chatbot.bot :: Intent matched: farewell             | confidence: 1.00 | context: general
2026-06-19 20:53:50  DEBUG     chatbot.chatbot.bot :: Context updated to: exit
2026-06-19 20:53:50  DEBUG     chatbot.chatbot.bot :: Bot replied: 'See you later! Take care! 😊'
2026-06-19 20:53:50  [32mINFO    [0m  chatbot.main :: Exit intent detected. Ending session.
2026-06-19 20:53:50  [32mINFO    [0m  chatbot.main :: Session ended.
